[0718/235615.416:ERROR:process_memory_win.cc(73)] ReadMemory at 0x2f9429be3b0 of 132 bytes failed: Only part of a ReadProcessMemory or WriteProcessMemory request was completed. (0x12B)
[0718/235615.417:ERROR:process_memory_win.cc(73)] ReadMemory at 0x2f9429a6740 of 132 bytes failed: Only part of a ReadProcessMemory or WriteProcessMemory request was completed. (0x12B)
[0718/235615.417:ERROR:process_memory_win.cc(73)] ReadMemory at 0x2f9429a65b0 of 132 bytes failed: Only part of a ReadProcessMemory or WriteProcessMemory request was completed. (0x12B)
[0718/235615.417:ERROR:process_memory_win.cc(73)] ReadMemory at 0x2f9429a59b0 of 1012 bytes failed: Only part of a ReadProcessMemory or WriteProcessMemory request was completed. (0x12B)
[0718/235615.419:ERROR:process_snapshot_win.cc(420)] ReadMemory RTL_USER_PROCESS_PARAMETERS
[0718/235615.424:ERROR:process_memory_win.cc(73)] ReadMemory at 0x2f9429c2f70 of 6656 bytes failed: Only part of a ReadProcessMemory or WriteProcessMemory request was completed. (0x12B)
[0718/235615.424:ERROR:process_snapshot_win.cc(322)] failed to read unloaded module data
[0718/235615.432:ERROR:process_memory_win.cc(73)] ReadMemory at 0x2f942ccbf90 of 72 bytes failed: Only part of a ReadProcessMemory or WriteProcessMemory request was completed. (0x12B)
[0718/235615.432:WARNING:pe_image_annotations_reader.cc(134)] could not read annotations list object in C:\Program Files (x86)\Google\Chrome\Application\83.0.4103.116\chrome_elf.dll
[0718/235615.433:ERROR:process_memory_win.cc(73)] ReadMemory at 0x2f943208bd0 of 72 bytes failed: Only part of a ReadProcessMemory or WriteProcessMemory request was completed. (0x12B)
[0718/235615.433:WARNING:pe_image_annotations_reader.cc(134)] could not read annotations list object in C:\Program Files (x86)\Google\Chrome\Application\83.0.4103.116\chrome.dll
[0718/235615.469:ERROR:process_memory_win.cc(73)] ReadMemory at 0x7ff765990000 of 64 bytes failed: Only part of a ReadProcessMemory or WriteProcessMemory request was completed. (0x12B)
[0718/235615.469:WARNING:pe_image_reader.cc(340)] could not read dos header from C:\Program Files (x86)\Google\Chrome\Application\chrome.exe
[0718/235615.469:ERROR:process_memory_win.cc(73)] ReadMemory at 0x7ffba1da0000 of 64 bytes failed: Only part of a ReadProcessMemory or WriteProcessMemory request was completed. (0x12B)
[0718/235615.469:WARNING:pe_image_reader.cc(340)] could not read dos header from C:\WINDOWS\SYSTEM32\ntdll.dll
[0718/235615.469:ERROR:process_memory_win.cc(73)] ReadMemory at 0x7ffba0c80000 of 64 bytes failed: Only part of a ReadProcessMemory or WriteProcessMemory request was completed. (0x12B)
[0718/235615.469:WARNING:pe_image_reader.cc(340)] could not read dos header from C:\WINDOWS\System32\KERNEL32.DLL
[0718/235615.469:ERROR:process_memory_win.cc(73)] ReadMemory at 0x7ffb9ee20000 of 64 bytes failed: Only part of a ReadProcessMemory or WriteProcessMemory request was completed. (0x12B)
[0718/235615.470:WARNING:pe_image_reader.cc(340)] could not read dos header from C:\WINDOWS\System32\KERNELBASE.dll
[0718/235615.470:ERROR:process_memory_win.cc(73)] ReadMemory at 0x7ffb9cf10000 of 64 bytes failed: Only part of a ReadProcessMemory or WriteProcessMemory request was completed. (0x12B)
[0718/235615.470:WARNING:pe_image_reader.cc(340)] could not read dos header from C:\WINDOWS\SYSTEM32\apphelp.dll
[0718/235615.470:ERROR:process_memory_win.cc(73)] ReadMemory at 0x7ffb81ec0000 of 64 bytes failed: Only part of a ReadProcessMemory or WriteProcessMemory request was completed. (0x12B)
[0718/235615.470:WARNING:pe_image_reader.cc(340)] could not read dos header from C:\Program Files (x86)\Google\Chrome\Application\83.0.4103.116\chrome_elf.dll
[0718/235615.470:ERROR:process_memory_win.cc(73)] ReadMemory at 0x7ffb9ae40000 of 64 bytes failed: Only part of a ReadProcessMemory or WriteProcessMemory request was completed. (0x12B)
[0718/235615.470:WARNING:pe_image_reader.cc(340)] could not read dos header from C:\WINDOWS\SYSTEM32\VERSION.dll
[0718/235615.470:ERROR:process_memory_win.cc(73)] ReadMemory at 0x7ffb9ff00000 of 64 bytes failed: Only part of a ReadProcessMemory or WriteProcessMemory request was completed. (0x12B)
[0718/235615.470:WARNING:pe_image_reader.cc(340)] could not read dos header from C:\WINDOWS\System32\msvcrt.dll
[0718/235615.470:ERROR:process_memory_win.cc(73)] ReadMemory at 0x7ffb9f510000 of 64 bytes failed: Only part of a ReadProcessMemory or WriteProcessMemory request was completed. (0x12B)
[0718/235615.470:WARNING:pe_image_reader.cc(340)] could not read dos header from C:\WINDOWS\System32\bcryptPrimitives.dll
[0718/235615.470:ERROR:process_memory_win.cc(73)] ReadMemory at 0x7ffba1100000 of 64 bytes failed: Only part of a ReadProcessMemory or WriteProcessMemory request was completed. (0x12B)
[0718/235615.470:WARNING:pe_image_reader.cc(340)] could not read dos header from C:\WINDOWS\System32\ADVAPI32.dll
[0718/235615.470:ERROR:process_memory_win.cc(73)] ReadMemory at 0x7ffba05c0000 of 64 bytes failed: Only part of a ReadProcessMemory or WriteProcessMemory request was completed. (0x12B)
[0718/235615.470:WARNING:pe_image_reader.cc(340)] could not read dos header from C:\WINDOWS\System32\sechost.dll
[0718/235615.470:ERROR:process_memory_win.cc(73)] ReadMemory at 0x7ffba0030000 of 64 bytes failed: Only part of a ReadProcessMemory or WriteProcessMemory request was completed. (0x12B)
[0718/235615.470:WARNING:pe_image_reader.cc(340)] could not read dos header from C:\WINDOWS\System32\RPCRT4.dll
[0718/235615.470:ERROR:process_memory_win.cc(73)] ReadMemory at 0x7ffb47980000 of 64 bytes failed: Only part of a ReadProcessMemory or WriteProcessMemory request was completed. (0x12B)
[0718/235615.470:WARNING:pe_image_reader.cc(340)] could not read dos header from C:\Program Files (x86)\Google\Chrome\Application\83.0.4103.116\chrome.dll
[0718/235615.470:ERROR:process_memory_win.cc(73)] ReadMemory at 0x7ffba0660000 of 64 bytes failed: Only part of a ReadProcessMemory or WriteProcessMemory request was completed. (0x12B)
[0718/235615.470:WARNING:pe_image_reader.cc(340)] could not read dos header from C:\WINDOWS\System32\WS2_32.dll
[0718/235615.470:ERROR:process_memory_win.cc(73)] ReadMemory at 0x7ffba06d0000 of 64 bytes failed: Only part of a ReadProcessMemory or WriteProcessMemory request was completed. (0x12B)
[0718/235615.470:WARNING:pe_image_reader.cc(340)] could not read dos header from C:\WINDOWS\System32\OLEAUT32.dll
[0718/235615.470:ERROR:process_memory_win.cc(73)] ReadMemory at 0x7ffb9f0f0000 of 64 bytes failed: Only part of a ReadProcessMemory or WriteProcessMemory request was completed. (0x12B)
[0718/235615.471:WARNING:pe_image_reader.cc(340)] could not read dos header from C:\WINDOWS\System32\msvcp_win.dll
[0718/235615.471:ERROR:process_memory_win.cc(73)] ReadMemory at 0x7ffb9ed20000 of 64 bytes failed: Only part of a ReadProcessMemory or WriteProcessMemory request was completed. (0x12B)
[0718/235615.471:WARNING:pe_image_reader.cc(340)] could not read dos header from C:\WINDOWS\System32\ucrtbase.dll
[0718/235615.471:ERROR:process_memory_win.cc(73)] ReadMemory at 0x7ffba0dc0000 of 64 bytes failed: Only part of a ReadProcessMemory or WriteProcessMemory request was completed. (0x12B)
[0718/235615.471:WARNING:pe_image_reader.cc(340)] could not read dos header from C:\WINDOWS\System32\combase.dll
[0718/235615.471:ERROR:process_memory_win.cc(73)] ReadMemory at 0x7ffb9f4b0000 of 64 bytes failed: Only part of a ReadProcessMemory or WriteProcessMemory request was completed. (0x12B)
[0718/235615.471:WARNING:pe_image_reader.cc(340)] could not read dos header from C:\WINDOWS\System32\WINTRUST.dll
[0718/235615.471:ERROR:process_memory_win.cc(73)] ReadMemory at 0x7ffb9ec80000 of 64 bytes failed: Only part of a ReadProcessMemory or WriteProcessMemory request was completed. (0x12B)
[0718/235615.471:WARNING:pe_image_reader.cc(340)] could not read dos header from C:\WINDOWS\System32\MSASN1.dll
[0718/235615.471:ERROR:process_memory_win.cc(73)] ReadMemory at 0x7ffb9f1c0000 of 64 bytes failed: Only part of a ReadProcessMemory or WriteProcessMemory request was completed. (0x12B)
[0718/235615.471:WARNING:pe_image_reader.cc(340)] could not read dos header from C:\WINDOWS\System32\CRYPT32.dll
[0718/235615.471:ERROR:process_memory_win.cc(73)] ReadMemory at 0x7ffb9e170000 of 64 bytes failed: Only part of a ReadProcessMemory or WriteProcessMemory request was completed. (0x12B)
[0718/235615.471:WARNING:pe_image_reader.cc(340)] could not read dos header from C:\WINDOWS\SYSTEM32\IPHLPAPI.DLL
[0718/235615.471:ERROR:process_memory_win.cc(73)] ReadMemory at 0x7ffb92f60000 of 64 bytes failed: Only part of a ReadProcessMemory or WriteProcessMemory request was completed. (0x12B)
[0718/235615.471:WARNING:pe_image_reader.cc(340)] could not read dos header from C:\WINDOWS\SYSTEM32\WINMM.dll
[0718/235615.471:ERROR:process_memory_win.cc(73)] ReadMemory at 0x7ffb95fd0000 of 64 bytes failed: Only part of a ReadProcessMemory or WriteProcessMemory request was completed. (0x12B)
[0718/235615.471:WARNING:pe_image_reader.cc(340)] could not read dos header from C:\WINDOWS\SYSTEM32\Secur32.dll
[0718/235615.471:ERROR:process_memory_win.cc(73)] ReadMemory at 0x7ffb9eb70000 of 64 bytes failed: Only part of a ReadProcessMemory or WriteProcessMemory request was completed. (0x12B)
[0718/235615.471:WARNING:pe_image_reader.cc(340)] could not read dos header from C:\WINDOWS\SYSTEM32\USERENV.dll
[0718/235615.471:ERROR:process_memory_win.cc(73)] ReadMemory at 0x7ffb9ecf0000 of 64 bytes failed: Only part of a ReadProcessMemory or WriteProcessMemory request was completed. (0x12B)
[0718/235615.471:WARNING:pe_image_reader.cc(340)] could not read dos header from C:\WINDOWS\System32\profapi.dll
[0718/235615.471:ERROR:process_memory_win.cc(73)] ReadMemory at 0x7ffb76c00000 of 64 bytes failed: Only part of a ReadProcessMemory or WriteProcessMemory request was completed. (0x12B)
[0718/235615.471:WARNING:pe_image_reader.cc(340)] could not read dos header from C:\WINDOWS\SYSTEM32\UIAutomationCore.DLL
[0718/235615.471:ERROR:process_memory_win.cc(73)] ReadMemory at 0x7ffb90180000 of 64 bytes failed: Only part of a ReadProcessMemory or WriteProcessMemory request was completed. (0x12B)
[0718/235615.471:WARNING:pe_image_reader.cc(340)] could not read dos header from C:\WINDOWS\SYSTEM32\DWrite.dll
[0718/235615.471:ERROR:process_memory_win.cc(73)] ReadMemory at 0x7ffb7ee70000 of 64 bytes failed: Only part of a ReadProcessMemory or WriteProcessMemory request was completed. (0x12B)
[0718/235615.472:WARNING:pe_image_reader.cc(340)] could not read dos header from C:\WINDOWS\SYSTEM32\WINSPOOL.DRV
[0718/235615.472:ERROR:process_memory_win.cc(73)] ReadMemory at 0x7ffb9ec60000 of 64 bytes failed: Only part of a ReadProcessMemory or WriteProcessMemory request was completed. (0x12B)
[0718/235615.472:WARNING:pe_image_reader.cc(340)] could not read dos header from C:\WINDOWS\System32\kernel.appcore.dll
[0718/235615.472:ERROR:process_memory_win.cc(73)] ReadMemory at 0x7ffb9fd20000 of 64 bytes failed: Only part of a ReadProcessMemory or WriteProcessMemory request was completed. (0x12B)
[0718/235615.472:WARNING:pe_image_reader.cc(340)] could not read dos header from C:\WINDOWS\System32\bcrypt.dll
[0718/235615.472:ERROR:process_memory_win.cc(73)] ReadMemory at 0x7ffb99b50000 of 64 bytes failed: Only part of a ReadProcessMemory or WriteProcessMemory request was completed. (0x12B)
[0718/235615.472:WARNING:pe_image_reader.cc(340)] could not read dos header from C:\WINDOWS\SYSTEM32\dbghelp.dll
[0718/235615.472:ERROR:process_memory_win.cc(73)] ReadMemory at 0x7ffb9b380000 of 64 bytes failed: Only part of a ReadProcessMemory or WriteProcessMemory request was completed. (0x12B)
[0718/235615.472:WARNING:pe_image_reader.cc(340)] could not read dos header from C:\WINDOWS\SYSTEM32\WINHTTP.dll
[0718/235615.472:ERROR:process_memory_win.cc(73)] ReadMemory at 0x7ffb9aad0000 of 64 bytes failed: Only part of a ReadProcessMemory or WriteProcessMemory request was completed. (0x12B)
[0718/235615.472:WARNING:pe_image_reader.cc(340)] could not read dos header from C:\WINDOWS\SYSTEM32\dhcpcsvc.DLL
[0718/235615.472:ERROR:process_memory_win.cc(73)] ReadMemory at 0x7ffb9ffc0000 of 64 bytes failed: Only part of a ReadProcessMemory or WriteProcessMemory request was completed. (0x12B)
[0718/235615.472:WARNING:pe_image_reader.cc(340)] could not read dos header from C:\WINDOWS\System32\NSI.dll
[0718/235615.472:ERROR:process_memory_win.cc(73)] ReadMemory at 0x7ffb92720000 of 64 bytes failed: Only part of a ReadProcessMemory or WriteProcessMemory request was completed. (0x12B)
[0718/235615.472:WARNING:pe_image_reader.cc(340)] could not read dos header from C:\WINDOWS\SYSTEM32\WINMMBASE.dll
[0718/235615.472:ERROR:process_memory_win.cc(73)] ReadMemory at 0x7ffb9fe00000 of 64 bytes failed: Only part of a ReadProcessMemory or WriteProcessMemory request was completed. (0x12B)
[0718/235615.472:WARNING:pe_image_reader.cc(340)] could not read dos header from C:\WINDOWS\System32\cfgmgr32.dll
[0718/235615.472:ERROR:process_memory_win.cc(73)] ReadMemory at 0x7ffb986c0000 of 64 bytes failed: Only part of a ReadProcessMemory or WriteProcessMemory request was completed. (0x12B)
[0718/235615.472:WARNING:pe_image_reader.cc(340)] could not read dos header from C:\WINDOWS\SYSTEM32\PROPSYS.dll
[0718/235615.472:ERROR:process_memory_win.cc(73)] ReadMemory at 0x7ffba07a0000 of 64 bytes failed: Only part of a ReadProcessMemory or WriteProcessMemory request was completed. (0x12B)
[0718/235615.472:WARNING:pe_image_reader.cc(340)] could not read dos header from C:\WINDOWS\System32\shcore.dll
[0718/235615.472:ERROR:process_memory_win.cc(73)] ReadMemory at 0x7ffb9eb40000 of 64 bytes failed: Only part of a ReadProcessMemory or WriteProcessMemory request was completed. (0x12B)
[0718/235615.472:WARNING:pe_image_reader.cc(340)] could not read dos header from C:\WINDOWS\SYSTEM32\SSPICLI.DLL
[0718/235615.472:ERROR:process_memory_win.cc(73)] ReadMemory at 0x7ffb9e630000 of 64 bytes failed: Only part of a ReadProcessMemory or WriteProcessMemory request was completed. (0x12B)
[0718/235615.472:WARNING:pe_image_reader.cc(340)] could not read dos header from C:\WINDOWS\SYSTEM32\CRYPTBASE.DLL
[0718/235615.479:ERROR:process_memory_win.cc(73)] ReadMemory at 0x7ff765990000 of 64 bytes failed: Only part of a ReadProcessMemory or WriteProcessMemory request was completed. (0x12B)
[0718/235615.479:WARNING:pe_image_reader.cc(340)] could not read dos header from C:\Program Files (x86)\Google\Chrome\Application\chrome.exe
[0718/235615.479:ERROR:process_memory_win.cc(73)] ReadMemory at 0x7ffba1da0000 of 64 bytes failed: Only part of a ReadProcessMemory or WriteProcessMemory request was completed. (0x12B)
[0718/235615.479:WARNING:pe_image_reader.cc(340)] could not read dos header from C:\WINDOWS\SYSTEM32\ntdll.dll
[0718/235615.479:ERROR:process_memory_win.cc(73)] ReadMemory at 0x7ffba0c80000 of 64 bytes failed: Only part of a ReadProcessMemory or WriteProcessMemory request was completed. (0x12B)
[0718/235615.479:WARNING:pe_image_reader.cc(340)] could not read dos header from C:\WINDOWS\System32\KERNEL32.DLL
[0718/235615.479:ERROR:process_memory_win.cc(73)] ReadMemory at 0x7ffb9ee20000 of 64 bytes failed: Only part of a ReadProcessMemory or WriteProcessMemory request was completed. (0x12B)
[0718/235615.479:WARNING:pe_image_reader.cc(340)] could not read dos header from C:\WINDOWS\System32\KERNELBASE.dll
[0718/235615.479:ERROR:process_memory_win.cc(73)] ReadMemory at 0x7ffb9cf10000 of 64 bytes failed: Only part of a ReadProcessMemory or WriteProcessMemory request was completed. (0x12B)
[0718/235615.479:WARNING:pe_image_reader.cc(340)] could not read dos header from C:\WINDOWS\SYSTEM32\apphelp.dll
[0718/235615.479:ERROR:process_memory_win.cc(73)] ReadMemory at 0x7ffb81ec0000 of 64 bytes failed: Only part of a ReadProcessMemory or WriteProcessMemory request was completed. (0x12B)
[0718/235615.479:WARNING:pe_image_reader.cc(340)] could not read dos header from C:\Program Files (x86)\Google\Chrome\Application\83.0.4103.116\chrome_elf.dll
[0718/235615.479:ERROR:process_memory_win.cc(73)] ReadMemory at 0x7ffb9ae40000 of 64 bytes failed: Only part of a ReadProcessMemory or WriteProcessMemory request was completed. (0x12B)
[0718/235615.479:WARNING:pe_image_reader.cc(340)] could not read dos header from C:\WINDOWS\SYSTEM32\VERSION.dll
[0718/235615.479:ERROR:process_memory_win.cc(73)] ReadMemory at 0x7ffb9ff00000 of 64 bytes failed: Only part of a ReadProcessMemory or WriteProcessMemory request was completed. (0x12B)
[0718/235615.480:WARNING:pe_image_reader.cc(340)] could not read dos header from C:\WINDOWS\System32\msvcrt.dll
[0718/235615.480:ERROR:process_memory_win.cc(73)] ReadMemory at 0x7ffb9f510000 of 64 bytes failed: Only part of a ReadProcessMemory or WriteProcessMemory request was completed. (0x12B)
[0718/235615.480:WARNING:pe_image_reader.cc(340)] could not read dos header from C:\WINDOWS\System32\bcryptPrimitives.dll
[0718/235615.480:ERROR:process_memory_win.cc(73)] ReadMemory at 0x7ffba1100000 of 64 bytes failed: Only part of a ReadProcessMemory or WriteProcessMemory request was completed. (0x12B)
[0718/235615.480:WARNING:pe_image_reader.cc(340)] could not read dos header from C:\WINDOWS\System32\ADVAPI32.dll
[0718/235615.480:ERROR:process_memory_win.cc(73)] ReadMemory at 0x7ffba05c0000 of 64 bytes failed: Only part of a ReadProcessMemory or WriteProcessMemory request was completed. (0x12B)
[0718/235615.480:WARNING:pe_image_reader.cc(340)] could not read dos header from C:\WINDOWS\System32\sechost.dll
[0718/235615.481:ERROR:process_memory_win.cc(73)] ReadMemory at 0x7ffba0030000 of 64 bytes failed: Only part of a ReadProcessMemory or WriteProcessMemory request was completed. (0x12B)
[0718/235615.481:WARNING:pe_image_reader.cc(340)] could not read dos header from C:\WINDOWS\System32\RPCRT4.dll
[0718/235615.481:ERROR:process_memory_win.cc(73)] ReadMemory at 0x7ffb47980000 of 64 bytes failed: Only part of a ReadProcessMemory or WriteProcessMemory request was completed. (0x12B)
[0718/235615.481:WARNING:pe_image_reader.cc(340)] could not read dos header from C:\Program Files (x86)\Google\Chrome\Application\83.0.4103.116\chrome.dll
[0718/235615.481:ERROR:process_memory_win.cc(73)] ReadMemory at 0x7ffba0660000 of 64 bytes failed: Only part of a ReadProcessMemory or WriteProcessMemory request was completed. (0x12B)
[0718/235615.481:WARNING:pe_image_reader.cc(340)] could not read dos header from C:\WINDOWS\System32\WS2_32.dll
[0718/235615.481:ERROR:process_memory_win.cc(73)] ReadMemory at 0x7ffba06d0000 of 64 bytes failed: Only part of a ReadProcessMemory or WriteProcessMemory request was completed. (0x12B)
[0718/235615.481:WARNING:pe_image_reader.cc(340)] could not read dos header from C:\WINDOWS\System32\OLEAUT32.dll
[0718/235615.481:ERROR:process_memory_win.cc(73)] ReadMemory at 0x7ffb9f0f0000 of 64 bytes failed: Only part of a ReadProcessMemory or WriteProcessMemory request was completed. (0x12B)
[0718/235615.481:WARNING:pe_image_reader.cc(340)] could not read dos header from C:\WINDOWS\System32\msvcp_win.dll
[0718/235615.481:ERROR:process_memory_win.cc(73)] ReadMemory at 0x7ffb9ed20000 of 64 bytes failed: Only part of a ReadProcessMemory or WriteProcessMemory request was completed. (0x12B)
[0718/235615.481:WARNING:pe_image_reader.cc(340)] could not read dos header from C:\WINDOWS\System32\ucrtbase.dll
[0718/235615.481:ERROR:process_memory_win.cc(73)] ReadMemory at 0x7ffba0dc0000 of 64 bytes failed: Only part of a ReadProcessMemory or WriteProcessMemory request was completed. (0x12B)
[0718/235615.481:WARNING:pe_image_reader.cc(340)] could not read dos header from C:\WINDOWS\System32\combase.dll
[0718/235615.481:ERROR:process_memory_win.cc(73)] ReadMemory at 0x7ffb9f4b0000 of 64 bytes failed: Only part of a ReadProcessMemory or WriteProcessMemory request was completed. (0x12B)
[0718/235615.481:WARNING:pe_image_reader.cc(340)] could not read dos header from C:\WINDOWS\System32\WINTRUST.dll
[0718/235615.481:ERROR:process_memory_win.cc(73)] ReadMemory at 0x7ffb9ec80000 of 64 bytes failed: Only part of a ReadProcessMemory or WriteProcessMemory request was completed. (0x12B)
[0718/235615.481:WARNING:pe_image_reader.cc(340)] could not read dos header from C:\WINDOWS\System32\MSASN1.dll
[0718/235615.481:ERROR:process_memory_win.cc(73)] ReadMemory at 0x7ffb9f1c0000 of 64 bytes failed: Only part of a ReadProcessMemory or WriteProcessMemory request was completed. (0x12B)
[0718/235615.481:WARNING:pe_image_reader.cc(340)] could not read dos header from C:\WINDOWS\System32\CRYPT32.dll
[0718/235615.481:ERROR:process_memory_win.cc(73)] ReadMemory at 0x7ffb9e170000 of 64 bytes failed: Only part of a ReadProcessMemory or WriteProcessMemory request was completed. (0x12B)
[0718/235615.481:WARNING:pe_image_reader.cc(340)] could not read dos header from C:\WINDOWS\SYSTEM32\IPHLPAPI.DLL
[0718/235615.481:ERROR:process_memory_win.cc(73)] ReadMemory at 0x7ffb92f60000 of 64 bytes failed: Only part of a ReadProcessMemory or WriteProcessMemory request was completed. (0x12B)
[0718/235615.481:WARNING:pe_image_reader.cc(340)] could not read dos header from C:\WINDOWS\SYSTEM32\WINMM.dll
[0718/235615.481:ERROR:process_memory_win.cc(73)] ReadMemory at 0x7ffb95fd0000 of 64 bytes failed: Only part of a ReadProcessMemory or WriteProcessMemory request was completed. (0x12B)
[0718/235615.481:WARNING:pe_image_reader.cc(340)] could not read dos header from C:\WINDOWS\SYSTEM32\Secur32.dll
[0718/235615.482:ERROR:process_memory_win.cc(73)] ReadMemory at 0x7ffb9eb70000 of 64 bytes failed: Only part of a ReadProcessMemory or WriteProcessMemory request was completed. (0x12B)
[0718/235615.482:WARNING:pe_image_reader.cc(340)] could not read dos header from C:\WINDOWS\SYSTEM32\USERENV.dll
[0718/235615.482:ERROR:process_memory_win.cc(73)] ReadMemory at 0x7ffb9ecf0000 of 64 bytes failed: Only part of a ReadProcessMemory or WriteProcessMemory request was completed. (0x12B)
[0718/235615.482:WARNING:pe_image_reader.cc(340)] could not read dos header from C:\WINDOWS\System32\profapi.dll
[0718/235615.482:ERROR:process_memory_win.cc(73)] ReadMemory at 0x7ffb76c00000 of 64 bytes failed: Only part of a ReadProcessMemory or WriteProcessMemory request was completed. (0x12B)
[0718/235615.482:WARNING:pe_image_reader.cc(340)] could not read dos header from C:\WINDOWS\SYSTEM32\UIAutomationCore.DLL
[0718/235615.482:ERROR:process_memory_win.cc(73)] ReadMemory at 0x7ffb90180000 of 64 bytes failed: Only part of a ReadProcessMemory or WriteProcessMemory request was completed. (0x12B)
[0718/235615.482:WARNING:pe_image_reader.cc(340)] could not read dos header from C:\WINDOWS\SYSTEM32\DWrite.dll
[0718/235615.482:ERROR:process_memory_win.cc(73)] ReadMemory at 0x7ffb7ee70000 of 64 bytes failed: Only part of a ReadProcessMemory or WriteProcessMemory request was completed. (0x12B)
[0718/235615.482:WARNING:pe_image_reader.cc(340)] could not read dos header from C:\WINDOWS\SYSTEM32\WINSPOOL.DRV
[0718/235615.482:ERROR:process_memory_win.cc(73)] ReadMemory at 0x7ffb9ec60000 of 64 bytes failed: Only part of a ReadProcessMemory or WriteProcessMemory request was completed. (0x12B)
[0718/235615.482:WARNING:pe_image_reader.cc(340)] could not read dos header from C:\WINDOWS\System32\kernel.appcore.dll
[0718/235615.482:ERROR:process_memory_win.cc(73)] ReadMemory at 0x7ffb9fd20000 of 64 bytes failed: Only part of a ReadProcessMemory or WriteProcessMemory request was completed. (0x12B)
[0718/235615.482:WARNING:pe_image_reader.cc(340)] could not read dos header from C:\WINDOWS\System32\bcrypt.dll
[0718/235615.482:ERROR:process_memory_win.cc(73)] ReadMemory at 0x7ffb99b50000 of 64 bytes failed: Only part of a ReadProcessMemory or WriteProcessMemory request was completed. (0x12B)
[0718/235615.482:WARNING:pe_image_reader.cc(340)] could not read dos header from C:\WINDOWS\SYSTEM32\dbghelp.dll
[0718/235615.482:ERROR:process_memory_win.cc(73)] ReadMemory at 0x7ffb9b380000 of 64 bytes failed: Only part of a ReadProcessMemory or WriteProcessMemory request was completed. (0x12B)
[0718/235615.482:WARNING:pe_image_reader.cc(340)] could not read dos header from C:\WINDOWS\SYSTEM32\WINHTTP.dll
[0718/235615.482:ERROR:process_memory_win.cc(73)] ReadMemory at 0x7ffb9aad0000 of 64 bytes failed: Only part of a ReadProcessMemory or WriteProcessMemory request was completed. (0x12B)
[0718/235615.482:WARNING:pe_image_reader.cc(340)] could not read dos header from C:\WINDOWS\SYSTEM32\dhcpcsvc.DLL
[0718/235615.482:ERROR:process_memory_win.cc(73)] ReadMemory at 0x7ffb9ffc0000 of 64 bytes failed: Only part of a ReadProcessMemory or WriteProcessMemory request was completed. (0x12B)
[0718/235615.482:WARNING:pe_image_reader.cc(340)] could not read dos header from C:\WINDOWS\System32\NSI.dll
[0718/235615.482:ERROR:process_memory_win.cc(73)] ReadMemory at 0x7ffb92720000 of 64 bytes failed: Only part of a ReadProcessMemory or WriteProcessMemory request was completed. (0x12B)
[0718/235615.482:WARNING:pe_image_reader.cc(340)] could not read dos header from C:\WINDOWS\SYSTEM32\WINMMBASE.dll
[0718/235615.482:ERROR:process_memory_win.cc(73)] ReadMemory at 0x7ffb9fe00000 of 64 bytes failed: Only part of a ReadProcessMemory or WriteProcessMemory request was completed. (0x12B)
[0718/235615.482:WARNING:pe_image_reader.cc(340)] could not read dos header from C:\WINDOWS\System32\cfgmgr32.dll
[0718/235615.482:ERROR:process_memory_win.cc(73)] ReadMemory at 0x7ffb986c0000 of 64 bytes failed: Only part of a ReadProcessMemory or WriteProcessMemory request was completed. (0x12B)
[0718/235615.483:WARNING:pe_image_reader.cc(340)] could not read dos header from C:\WINDOWS\SYSTEM32\PROPSYS.dll
[0718/235615.483:ERROR:process_memory_win.cc(73)] ReadMemory at 0x7ffba07a0000 of 64 bytes failed: Only part of a ReadProcessMemory or WriteProcessMemory request was completed. (0x12B)
[0718/235615.483:WARNING:pe_image_reader.cc(340)] could not read dos header from C:\WINDOWS\System32\shcore.dll
[0718/235615.483:ERROR:process_memory_win.cc(73)] ReadMemory at 0x7ffb9eb40000 of 64 bytes failed: Only part of a ReadProcessMemory or WriteProcessMemory request was completed. (0x12B)
[0718/235615.483:WARNING:pe_image_reader.cc(340)] could not read dos header from C:\WINDOWS\SYSTEM32\SSPICLI.DLL
[0718/235615.483:ERROR:process_memory_win.cc(73)] ReadMemory at 0x7ffb9e630000 of 64 bytes failed: Only part of a ReadProcessMemory or WriteProcessMemory request was completed. (0x12B)
[0718/235615.483:WARNING:pe_image_reader.cc(340)] could not read dos header from C:\WINDOWS\SYSTEM32\CRYPTBASE.DLL
[0718/235615.483:ERROR:process_memory_win.cc(73)] ReadMemory at 0x7ff765990000 of 64 bytes failed: Only part of a ReadProcessMemory or WriteProcessMemory request was completed. (0x12B)
[0718/235615.483:WARNING:pe_image_reader.cc(340)] could not read dos header from C:\Program Files (x86)\Google\Chrome\Application\chrome.exe
[0718/235615.483:ERROR:process_memory_win.cc(73)] ReadMemory at 0x7ffba1da0000 of 64 bytes failed: Only part of a ReadProcessMemory or WriteProcessMemory request was completed. (0x12B)
[0718/235615.483:WARNING:pe_image_reader.cc(340)] could not read dos header from C:\WINDOWS\SYSTEM32\ntdll.dll
[0718/235615.483:ERROR:process_memory_win.cc(73)] ReadMemory at 0x7ffba0c80000 of 64 bytes failed: Only part of a ReadProcessMemory or WriteProcessMemory request was completed. (0x12B)
[0718/235615.483:WARNING:pe_image_reader.cc(340)] could not read dos header from C:\WINDOWS\System32\KERNEL32.DLL
[0718/235615.483:ERROR:process_memory_win.cc(73)] ReadMemory at 0x7ffb9ee20000 of 64 bytes failed: Only part of a ReadProcessMemory or WriteProcessMemory request was completed. (0x12B)
[0718/235615.483:WARNING:pe_image_reader.cc(340)] could not read dos header from C:\WINDOWS\System32\KERNELBASE.dll
[0718/235615.483:ERROR:process_memory_win.cc(73)] ReadMemory at 0x7ffb9cf10000 of 64 bytes failed: Only part of a ReadProcessMemory or WriteProcessMemory request was completed. (0x12B)
[0718/235615.483:WARNING:pe_image_reader.cc(340)] could not read dos header from C:\WINDOWS\SYSTEM32\apphelp.dll
[0718/235615.483:ERROR:process_memory_win.cc(73)] ReadMemory at 0x7ffb81ec0000 of 64 bytes failed: Only part of a ReadProcessMemory or WriteProcessMemory request was completed. (0x12B)
[0718/235615.483:WARNING:pe_image_reader.cc(340)] could not read dos header from C:\Program Files (x86)\Google\Chrome\Application\83.0.4103.116\chrome_elf.dll
[0718/235615.483:ERROR:process_memory_win.cc(73)] ReadMemory at 0x7ffb9ae40000 of 64 bytes failed: Only part of a ReadProcessMemory or WriteProcessMemory request was completed. (0x12B)
[0718/235615.483:WARNING:pe_image_reader.cc(340)] could not read dos header from C:\WINDOWS\SYSTEM32\VERSION.dll
[0718/235615.483:ERROR:process_memory_win.cc(73)] ReadMemory at 0x7ffb9ff00000 of 64 bytes failed: Only part of a ReadProcessMemory or WriteProcessMemory request was completed. (0x12B)
[0718/235615.483:WARNING:pe_image_reader.cc(340)] could not read dos header from C:\WINDOWS\System32\msvcrt.dll
[0718/235615.483:ERROR:process_memory_win.cc(73)] ReadMemory at 0x7ffb9f510000 of 64 bytes failed: Only part of a ReadProcessMemory or WriteProcessMemory request was completed. (0x12B)
[0718/235615.483:WARNING:pe_image_reader.cc(340)] could not read dos header from C:\WINDOWS\System32\bcryptPrimitives.dll
[0718/235615.483:ERROR:process_memory_win.cc(73)] ReadMemory at 0x7ffba1100000 of 64 bytes failed: Only part of a ReadProcessMemory or WriteProcessMemory request was completed. (0x12B)
[0718/235615.483:WARNING:pe_image_reader.cc(340)] could not read dos header from C:\WINDOWS\System32\ADVAPI32.dll
[0718/235615.484:ERROR:process_memory_win.cc(73)] ReadMemory at 0x7ffba05c0000 of 64 bytes failed: Only part of a ReadProcessMemory or WriteProcessMemory request was completed. (0x12B)
[0718/235615.484:WARNING:pe_image_reader.cc(340)] could not read dos header from C:\WINDOWS\System32\sechost.dll
[0718/235615.484:ERROR:process_memory_win.cc(73)] ReadMemory at 0x7ffba0030000 of 64 bytes failed: Only part of a ReadProcessMemory or WriteProcessMemory request was completed. (0x12B)
[0718/235615.484:WARNING:pe_image_reader.cc(340)] could not read dos header from C:\WINDOWS\System32\RPCRT4.dll
[0718/235615.484:ERROR:process_memory_win.cc(73)] ReadMemory at 0x7ffb47980000 of 64 bytes failed: Only part of a ReadProcessMemory or WriteProcessMemory request was completed. (0x12B)
[0718/235615.484:WARNING:pe_image_reader.cc(340)] could not read dos header from C:\Program Files (x86)\Google\Chrome\Application\83.0.4103.116\chrome.dll
[0718/235615.484:ERROR:process_memory_win.cc(73)] ReadMemory at 0x7ffba0660000 of 64 bytes failed: Only part of a ReadProcessMemory or WriteProcessMemory request was completed. (0x12B)
[0718/235615.484:WARNING:pe_image_reader.cc(340)] could not read dos header from C:\WINDOWS\System32\WS2_32.dll
[0718/235615.484:ERROR:process_memory_win.cc(73)] ReadMemory at 0x7ffba06d0000 of 64 bytes failed: Only part of a ReadProcessMemory or WriteProcessMemory request was completed. (0x12B)
[0718/235615.484:WARNING:pe_image_reader.cc(340)] could not read dos header from C:\WINDOWS\System32\OLEAUT32.dll
[0718/235615.484:ERROR:process_memory_win.cc(73)] ReadMemory at 0x7ffb9f0f0000 of 64 bytes failed: Only part of a ReadProcessMemory or WriteProcessMemory request was completed. (0x12B)
[0718/235615.484:WARNING:pe_image_reader.cc(340)] could not read dos header from C:\WINDOWS\System32\msvcp_win.dll
[0718/235615.484:ERROR:process_memory_win.cc(73)] ReadMemory at 0x7ffb9ed20000 of 64 bytes failed: Only part of a ReadProcessMemory or WriteProcessMemory request was completed. (0x12B)
[0718/235615.484:WARNING:pe_image_reader.cc(340)] could not read dos header from C:\WINDOWS\System32\ucrtbase.dll
[0718/235615.484:ERROR:process_memory_win.cc(73)] ReadMemory at 0x7ffba0dc0000 of 64 bytes failed: Only part of a ReadProcessMemory or WriteProcessMemory request was completed. (0x12B)
[0718/235615.484:WARNING:pe_image_reader.cc(340)] could not read dos header from C:\WINDOWS\System32\combase.dll
[0718/235615.484:ERROR:process_memory_win.cc(73)] ReadMemory at 0x7ffb9f4b0000 of 64 bytes failed: Only part of a ReadProcessMemory or WriteProcessMemory request was completed. (0x12B)
[0718/235615.484:WARNING:pe_image_reader.cc(340)] could not read dos header from C:\WINDOWS\System32\WINTRUST.dll
[0718/235615.484:ERROR:process_memory_win.cc(73)] ReadMemory at 0x7ffb9ec80000 of 64 bytes failed: Only part of a ReadProcessMemory or WriteProcessMemory request was completed. (0x12B)
[0718/235615.484:WARNING:pe_image_reader.cc(340)] could not read dos header from C:\WINDOWS\System32\MSASN1.dll
[0718/235615.484:ERROR:process_memory_win.cc(73)] ReadMemory at 0x7ffb9f1c0000 of 64 bytes failed: Only part of a ReadProcessMemory or WriteProcessMemory request was completed. (0x12B)
[0718/235615.484:WARNING:pe_image_reader.cc(340)] could not read dos header from C:\WINDOWS\System32\CRYPT32.dll
[0718/235615.484:ERROR:process_memory_win.cc(73)] ReadMemory at 0x7ffb9e170000 of 64 bytes failed: Only part of a ReadProcessMemory or WriteProcessMemory request was completed. (0x12B)
[0718/235615.484:WARNING:pe_image_reader.cc(340)] could not read dos header from C:\WINDOWS\SYSTEM32\IPHLPAPI.DLL
[0718/235615.485:ERROR:process_memory_win.cc(73)] ReadMemory at 0x7ffb92f60000 of 64 bytes failed: Only part of a ReadProcessMemory or WriteProcessMemory request was completed. (0x12B)
[0718/235615.485:WARNING:pe_image_reader.cc(340)] could not read dos header from C:\WINDOWS\SYSTEM32\WINMM.dll
[0718/235615.485:ERROR:process_memory_win.cc(73)] ReadMemory at 0x7ffb95fd0000 of 64 bytes failed: Only part of a ReadProcessMemory or WriteProcessMemory request was completed. (0x12B)
[0718/235615.485:WARNING:pe_image_reader.cc(340)] could not read dos header from C:\WINDOWS\SYSTEM32\Secur32.dll
[0718/235615.485:ERROR:process_memory_win.cc(73)] ReadMemory at 0x7ffb9eb70000 of 64 bytes failed: Only part of a ReadProcessMemory or WriteProcessMemory request was completed. (0x12B)
[0718/235615.485:WARNING:pe_image_reader.cc(340)] could not read dos header from C:\WINDOWS\SYSTEM32\USERENV.dll
[0718/235615.485:ERROR:process_memory_win.cc(73)] ReadMemory at 0x7ffb9ecf0000 of 64 bytes failed: Only part of a ReadProcessMemory or WriteProcessMemory request was completed. (0x12B)
[0718/235615.485:WARNING:pe_image_reader.cc(340)] could not read dos header from C:\WINDOWS\System32\profapi.dll
[0718/235615.485:ERROR:process_memory_win.cc(73)] ReadMemory at 0x7ffb76c00000 of 64 bytes failed: Only part of a ReadProcessMemory or WriteProcessMemory request was completed. (0x12B)
[0718/235615.485:WARNING:pe_image_reader.cc(340)] could not read dos header from C:\WINDOWS\SYSTEM32\UIAutomationCore.DLL
[0718/235615.485:ERROR:process_memory_win.cc(73)] ReadMemory at 0x7ffb90180000 of 64 bytes failed: Only part of a ReadProcessMemory or WriteProcessMemory request was completed. (0x12B)
[0718/235615.485:WARNING:pe_image_reader.cc(340)] could not read dos header from C:\WINDOWS\SYSTEM32\DWrite.dll
[0718/235615.485:ERROR:process_memory_win.cc(73)] ReadMemory at 0x7ffb7ee70000 of 64 bytes failed: Only part of a ReadProcessMemory or WriteProcessMemory request was completed. (0x12B)
[0718/235615.485:WARNING:pe_image_reader.cc(340)] could not read dos header from C:\WINDOWS\SYSTEM32\WINSPOOL.DRV
[0718/235615.485:ERROR:process_memory_win.cc(73)] ReadMemory at 0x7ffb9ec60000 of 64 bytes failed: Only part of a ReadProcessMemory or WriteProcessMemory request was completed. (0x12B)
[0718/235615.485:WARNING:pe_image_reader.cc(340)] could not read dos header from C:\WINDOWS\System32\kernel.appcore.dll
[0718/235615.485:ERROR:process_memory_win.cc(73)] ReadMemory at 0x7ffb9fd20000 of 64 bytes failed: Only part of a ReadProcessMemory or WriteProcessMemory request was completed. (0x12B)
[0718/235615.485:WARNING:pe_image_reader.cc(340)] could not read dos header from C:\WINDOWS\System32\bcrypt.dll
[0718/235615.485:ERROR:process_memory_win.cc(73)] ReadMemory at 0x7ffb99b50000 of 64 bytes failed: Only part of a ReadProcessMemory or WriteProcessMemory request was completed. (0x12B)
[0718/235615.485:WARNING:pe_image_reader.cc(340)] could not read dos header from C:\WINDOWS\SYSTEM32\dbghelp.dll
[0718/235615.485:ERROR:process_memory_win.cc(73)] ReadMemory at 0x7ffb9b380000 of 64 bytes failed: Only part of a ReadProcessMemory or WriteProcessMemory request was completed. (0x12B)
[0718/235615.485:WARNING:pe_image_reader.cc(340)] could not read dos header from C:\WINDOWS\SYSTEM32\WINHTTP.dll
[0718/235615.485:ERROR:process_memory_win.cc(73)] ReadMemory at 0x7ffb9aad0000 of 64 bytes failed: Only part of a ReadProcessMemory or WriteProcessMemory request was completed. (0x12B)
[0718/235615.485:WARNING:pe_image_reader.cc(340)] could not read dos header from C:\WINDOWS\SYSTEM32\dhcpcsvc.DLL
[0718/235615.485:ERROR:process_memory_win.cc(73)] ReadMemory at 0x7ffb9ffc0000 of 64 bytes failed: Only part of a ReadProcessMemory or WriteProcessMemory request was completed. (0x12B)
[0718/235615.485:WARNING:pe_image_reader.cc(340)] could not read dos header from C:\WINDOWS\System32\NSI.dll
[0718/235615.485:ERROR:process_memory_win.cc(73)] ReadMemory at 0x7ffb92720000 of 64 bytes failed: Only part of a ReadProcessMemory or WriteProcessMemory request was completed. (0x12B)
[0718/235615.485:WARNING:pe_image_reader.cc(340)] could not read dos header from C:\WINDOWS\SYSTEM32\WINMMBASE.dll
[0718/235615.486:ERROR:process_memory_win.cc(73)] ReadMemory at 0x7ffb9fe00000 of 64 bytes failed: Only part of a ReadProcessMemory or WriteProcessMemory request was completed. (0x12B)
[0718/235615.486:WARNING:pe_image_reader.cc(340)] could not read dos header from C:\WINDOWS\System32\cfgmgr32.dll
[0718/235615.486:ERROR:process_memory_win.cc(73)] ReadMemory at 0x7ffb986c0000 of 64 bytes failed: Only part of a ReadProcessMemory or WriteProcessMemory request was completed. (0x12B)
[0718/235615.486:WARNING:pe_image_reader.cc(340)] could not read dos header from C:\WINDOWS\SYSTEM32\PROPSYS.dll
[0718/235615.486:ERROR:process_memory_win.cc(73)] ReadMemory at 0x7ffba07a0000 of 64 bytes failed: Only part of a ReadProcessMemory or WriteProcessMemory request was completed. (0x12B)
[0718/235615.486:WARNING:pe_image_reader.cc(340)] could not read dos header from C:\WINDOWS\System32\shcore.dll
[0718/235615.486:ERROR:process_memory_win.cc(73)] ReadMemory at 0x7ffb9eb40000 of 64 bytes failed: Only part of a ReadProcessMemory or WriteProcessMemory request was completed. (0x12B)
[0718/235615.486:WARNING:pe_image_reader.cc(340)] could not read dos header from C:\WINDOWS\SYSTEM32\SSPICLI.DLL
[0718/235615.486:ERROR:process_memory_win.cc(73)] ReadMemory at 0x7ffb9e630000 of 64 bytes failed: Only part of a ReadProcessMemory or WriteProcessMemory request was completed. (0x12B)
[0718/235615.486:WARNING:pe_image_reader.cc(340)] could not read dos header from C:\WINDOWS\SYSTEM32\CRYPTBASE.DLL
[0718/235615.531:ERROR:process_memory_win.cc(73)] ReadMemory at 0xff29feb000 of 86016 bytes failed: Only part of a ReadProcessMemory or WriteProcessMemory request was completed. (0x12B)
[0718/235615.531:ERROR:process_memory_win.cc(73)] ReadMemory at 0xff2a7fd000 of 12288 bytes failed: Only part of a ReadProcessMemory or WriteProcessMemory request was completed. (0x12B)
[0718/235615.531:ERROR:process_memory_win.cc(73)] ReadMemory at 0xff2b7fc000 of 16384 bytes failed: Only part of a ReadProcessMemory or WriteProcessMemory request was completed. (0x12B)
[0718/235615.531:ERROR:process_memory_win.cc(73)] ReadMemory at 0xff2bffc000 of 16384 bytes failed: Only part of a ReadProcessMemory or WriteProcessMemory request was completed. (0x12B)
[0718/235615.532:ERROR:process_memory_win.cc(73)] ReadMemory at 0xff2c7fe000 of 8192 bytes failed: Only part of a ReadProcessMemory or WriteProcessMemory request was completed. (0x12B)
[0718/235615.532:ERROR:process_memory_win.cc(73)] ReadMemory at 0xff2cffd000 of 12288 bytes failed: Only part of a ReadProcessMemory or WriteProcessMemory request was completed. (0x12B)
[0718/235615.532:ERROR:process_memory_win.cc(73)] ReadMemory at 0xff2d7fb000 of 20480 bytes failed: Only part of a ReadProcessMemory or WriteProcessMemory request was completed. (0x12B)
[0718/235615.532:ERROR:process_memory_win.cc(73)] ReadMemory at 0xff2e7fd000 of 12288 bytes failed: Only part of a ReadProcessMemory or WriteProcessMemory request was completed. (0x12B)
[0718/235615.532:ERROR:process_memory_win.cc(73)] ReadMemory at 0xff2eff5000 of 45056 bytes failed: Only part of a ReadProcessMemory or WriteProcessMemory request was completed. (0x12B)
[0718/235615.532:ERROR:process_memory_win.cc(73)] ReadMemory at 0xff2f7f5000 of 45056 bytes failed: Only part of a ReadProcessMemory or WriteProcessMemory request was completed. (0x12B)
[0718/235615.532:ERROR:process_memory_win.cc(73)] ReadMemory at 0xff2fffc000 of 16384 bytes failed: Only part of a ReadProcessMemory or WriteProcessMemory request was completed. (0x12B)
[0718/235615.532:ERROR:process_memory_win.cc(73)] ReadMemory at 0xff2affd000 of 12288 bytes failed: Only part of a ReadProcessMemory or WriteProcessMemory request was completed. (0x12B)
[0718/235615.532:ERROR:process_memory_win.cc(73)] ReadMemory at 0xff2dffc000 of 16384 bytes failed: Only part of a ReadProcessMemory or WriteProcessMemory request was completed. (0x12B)
[0718/235615.532:ERROR:process_memory_win.cc(73)] ReadMemory at 0xff307fd000 of 12288 bytes failed: Only part of a ReadProcessMemory or WriteProcessMemory request was completed. (0x12B)
[0718/235615.532:ERROR:process_memory_win.cc(73)] ReadMemory at 0xff30ffd000 of 12288 bytes failed: Only part of a ReadProcessMemory or WriteProcessMemory request was completed. (0x12B)
[0718/235615.533:ERROR:process_memory_win.cc(73)] ReadMemory at 0xff29624000 of 6024 bytes failed: Only part of a ReadProcessMemory or WriteProcessMemory request was completed. (0x12B)
[0718/235615.533:ERROR:process_memory_win.cc(73)] ReadMemory at 0xff29630000 of 6024 bytes failed: Only part of a ReadProcessMemory or WriteProcessMemory request was completed. (0x12B)
[0718/235615.533:ERROR:process_memory_win.cc(73)] ReadMemory at 0xff29632000 of 6024 bytes failed: Only part of a ReadProcessMemory or WriteProcessMemory request was completed. (0x12B)
[0718/235615.533:ERROR:process_memory_win.cc(73)] ReadMemory at 0xff296d4000 of 852 bytes failed: Only part of a ReadProcessMemory or WriteProcessMemory request was completed. (0x12B)
[0718/235615.533:ERROR:process_memory_win.cc(73)] ReadMemory at 0xff296d5000 of 6024 bytes failed: Only part of a ReadProcessMemory or WriteProcessMemory request was completed. (0x12B)
[0718/235615.533:ERROR:process_memory_win.cc(73)] ReadMemory at 0xff296d7000 of 6024 bytes failed: Only part of a ReadProcessMemory or WriteProcessMemory request was completed. (0x12B)
[0718/235615.533:ERROR:process_memory_win.cc(73)] ReadMemory at 0xff296db000 of 6024 bytes failed: Only part of a ReadProcessMemory or WriteProcessMemory request was completed. (0x12B)
[0718/235615.533:ERROR:process_memory_win.cc(73)] ReadMemory at 0xff296dd000 of 6024 bytes failed: Only part of a ReadProcessMemory or WriteProcessMemory request was completed. (0x12B)
[0718/235615.533:ERROR:process_memory_win.cc(73)] ReadMemory at 0xff296df000 of 6024 bytes failed: Only part of a ReadProcessMemory or WriteProcessMemory request was completed. (0x12B)
[0718/235615.533:ERROR:process_memory_win.cc(73)] ReadMemory at 0xff296e1000 of 6024 bytes failed: Only part of a ReadProcessMemory or WriteProcessMemory request was completed. (0x12B)
[0718/235615.534:ERROR:process_memory_win.cc(73)] ReadMemory at 0xff296e3000 of 6024 bytes failed: Only part of a ReadProcessMemory or WriteProcessMemory request was completed. (0x12B)
[0718/235615.534:ERROR:process_memory_win.cc(73)] ReadMemory at 0xff296e7000 of 6024 bytes failed: Only part of a ReadProcessMemory or WriteProcessMemory request was completed. (0x12B)
[0718/235615.534:ERROR:process_memory_win.cc(73)] ReadMemory at 0xff296e9000 of 6024 bytes failed: Only part of a ReadProcessMemory or WriteProcessMemory request was completed. (0x12B)
[0718/235615.534:ERROR:process_memory_win.cc(73)] ReadMemory at 0xff296eb000 of 6024 bytes failed: Only part of a ReadProcessMemory or WriteProcessMemory request was completed. (0x12B)
[0718/235615.534:ERROR:process_memory_win.cc(73)] ReadMemory at 0xff296ed000 of 6024 bytes failed: Only part of a ReadProcessMemory or WriteProcessMemory request was completed. (0x12B)
[0718/235615.534:ERROR:process_memory_win.cc(73)] ReadMemory at 0xff296fb000 of 6024 bytes failed: Only part of a ReadProcessMemory or WriteProcessMemory request was completed. (0x12B)
[0718/235615.534:ERROR:process_memory_win.cc(73)] ReadMemory at 0x2f9429a5ff8 of 118 bytes failed: Only part of a ReadProcessMemory or WriteProcessMemory request was completed. (0x12B)
[0718/235615.534:ERROR:process_memory_win.cc(73)] ReadMemory at 0x2f9429a64b0 of 58 bytes failed: Only part of a ReadProcessMemory or WriteProcessMemory request was completed. (0x12B)
[0718/235615.534:ERROR:process_memory_win.cc(73)] ReadMemory at 0x2f9429a65b0 of 132 bytes failed: Only part of a ReadProcessMemory or WriteProcessMemory request was completed. (0x12B)
[0718/235615.534:ERROR:process_memory_win.cc(73)] ReadMemory at 0x2f9429a6740 of 132 bytes failed: Only part of a ReadProcessMemory or WriteProcessMemory request was completed. (0x12B)
[0718/235615.534:ERROR:process_memory_win.cc(73)] ReadMemory at 0x2f9429a6ce0 of 132 bytes failed: Only part of a ReadProcessMemory or WriteProcessMemory request was completed. (0x12B)
[0718/235615.535:ERROR:process_memory_win.cc(73)] ReadMemory at 0x2f9429a6e70 of 64 bytes failed: Only part of a ReadProcessMemory or WriteProcessMemory request was completed. (0x12B)
[0718/235615.535:ERROR:process_memory_win.cc(73)] ReadMemory at 0x2f9429a6fd0 of 132 bytes failed: Only part of a ReadProcessMemory or WriteProcessMemory request was completed. (0x12B)
[0718/235615.535:ERROR:process_memory_win.cc(73)] ReadMemory at 0x2f9429a7160 of 62 bytes failed: Only part of a ReadProcessMemory or WriteProcessMemory request was completed. (0x12B)
[0718/235615.535:ERROR:process_memory_win.cc(73)] ReadMemory at 0x2f9429a72d0 of 132 bytes failed: Only part of a ReadProcessMemory or WriteProcessMemory request was completed. (0x12B)
[0718/235615.535:ERROR:process_memory_win.cc(73)] ReadMemory at 0x2f9429a7460 of 68 bytes failed: Only part of a ReadProcessMemory or WriteProcessMemory request was completed. (0x12B)
[0718/235615.535:ERROR:process_memory_win.cc(73)] ReadMemory at 0x2f9429b3f00 of 132 bytes failed: Only part of a ReadProcessMemory or WriteProcessMemory request was completed. (0x12B)
[0718/235615.535:ERROR:process_memory_win.cc(73)] ReadMemory at 0x2f9429b4070 of 132 bytes failed: Only part of a ReadProcessMemory or WriteProcessMemory request was completed. (0x12B)
[0718/235615.535:ERROR:process_memory_win.cc(73)] ReadMemory at 0x2f9429b41a0 of 146 bytes failed: Only part of a ReadProcessMemory or WriteProcessMemory request was completed. (0x12B)
[0718/235615.535:ERROR:process_memory_win.cc(73)] ReadMemory at 0x2f9429b4280 of 132 bytes failed: Only part of a ReadProcessMemory or WriteProcessMemory request was completed. (0x12B)
[0718/235615.535:ERROR:process_memory_win.cc(73)] ReadMemory at 0x2f9429b43b0 of 154 bytes failed: Only part of a ReadProcessMemory or WriteProcessMemory request was completed. (0x12B)
[0718/235615.535:ERROR:process_memory_win.cc(73)] ReadMemory at 0x2f9429b49a0 of 132 bytes failed: Only part of a ReadProcessMemory or WriteProcessMemory request was completed. (0x12B)
[0718/235615.536:ERROR:process_memory_win.cc(73)] ReadMemory at 0x2f9429b4ad0 of 62 bytes failed: Only part of a ReadProcessMemory or WriteProcessMemory request was completed. (0x12B)
[0718/235615.536:ERROR:process_memory_win.cc(73)] ReadMemory at 0x2f9429b4c00 of 132 bytes failed: Only part of a ReadProcessMemory or WriteProcessMemory request was completed. (0x12B)
[0718/235615.536:ERROR:process_memory_win.cc(73)] ReadMemory at 0x2f9429b4d90 of 60 bytes failed: Only part of a ReadProcessMemory or WriteProcessMemory request was completed. (0x12B)
[0718/235615.536:ERROR:process_memory_win.cc(73)] ReadMemory at 0x2f9429b603c of 512 bytes failed: Only part of a ReadProcessMemory or WriteProcessMemory request was completed. (0x12B)
[0718/235615.536:ERROR:process_memory_win.cc(73)] ReadMemory at 0x2f9429b7540 of 132 bytes failed: Only part of a ReadProcessMemory or WriteProcessMemory request was completed. (0x12B)
[0718/235615.536:ERROR:process_memory_win.cc(73)] ReadMemory at 0x2f9429b7750 of 132 bytes failed: Only part of a ReadProcessMemory or WriteProcessMemory request was completed. (0x12B)
[0718/235615.536:ERROR:process_memory_win.cc(73)] ReadMemory at 0x2f9429b7bd0 of 80 bytes failed: Only part of a ReadProcessMemory or WriteProcessMemory request was completed. (0x12B)
[0718/235615.536:ERROR:process_memory_win.cc(73)] ReadMemory at 0x2f9429ba2b0 of 132 bytes failed: Only part of a ReadProcessMemory or WriteProcessMemory request was completed. (0x12B)
[0718/235615.536:ERROR:process_memory_win.cc(73)] ReadMemory at 0x2f9429bc800 of 62 bytes failed: Only part of a ReadProcessMemory or WriteProcessMemory request was completed. (0x12B)
[0718/235615.536:ERROR:process_memory_win.cc(73)] ReadMemory at 0x2f9429bc850 of 62 bytes failed: Only part of a ReadProcessMemory or WriteProcessMemory request was completed. (0x12B)
[0718/235615.536:ERROR:process_memory_win.cc(73)] ReadMemory at 0x2f9429bc990 of 66 bytes failed: Only part of a ReadProcessMemory or WriteProcessMemory request was completed. (0x12B)
[0718/235615.536:ERROR:process_memory_win.cc(73)] ReadMemory at 0x2f9429bc9e0 of 60 bytes failed: Only part of a ReadProcessMemory or WriteProcessMemory request was completed. (0x12B)
[0718/235615.536:ERROR:process_memory_win.cc(73)] ReadMemory at 0x2f9429bce40 of 60 bytes failed: Only part of a ReadProcessMemory or WriteProcessMemory request was completed. (0x12B)
[0718/235615.536:ERROR:process_memory_win.cc(73)] ReadMemory at 0x2f9429bcee0 of 58 bytes failed: Only part of a ReadProcessMemory or WriteProcessMemory request was completed. (0x12B)
[0718/235615.537:ERROR:process_memory_win.cc(73)] ReadMemory at 0x2f9429bd020 of 60 bytes failed: Only part of a ReadProcessMemory or WriteProcessMemory request was completed. (0x12B)
[0718/235615.537:ERROR:process_memory_win.cc(73)] ReadMemory at 0x2f9429bd110 of 62 bytes failed: Only part of a ReadProcessMemory or WriteProcessMemory request was completed. (0x12B)
[0718/235615.537:ERROR:process_memory_win.cc(73)] ReadMemory at 0x2f9429bd1b0 of 64 bytes failed: Only part of a ReadProcessMemory or WriteProcessMemory request was completed. (0x12B)
[0718/235615.537:ERROR:process_memory_win.cc(73)] ReadMemory at 0x2f9429bd200 of 62 bytes failed: Only part of a ReadProcessMemory or WriteProcessMemory request was completed. (0x12B)
[0718/235615.537:ERROR:process_memory_win.cc(73)] ReadMemory at 0x2f9429bd2a0 of 64 bytes failed: Only part of a ReadProcessMemory or WriteProcessMemory request was completed. (0x12B)
[0718/235615.537:ERROR:process_memory_win.cc(73)] ReadMemory at 0x2f9429bd430 of 64 bytes failed: Only part of a ReadProcessMemory or WriteProcessMemory request was completed. (0x12B)
[0718/235615.537:ERROR:process_memory_win.cc(73)] ReadMemory at 0x2f9429bd610 of 64 bytes failed: Only part of a ReadProcessMemory or WriteProcessMemory request was completed. (0x12B)
[0718/235615.537:ERROR:process_memory_win.cc(73)] ReadMemory at 0x2f9429bd660 of 62 bytes failed: Only part of a ReadProcessMemory or WriteProcessMemory request was completed. (0x12B)
[0718/235615.537:ERROR:process_memory_win.cc(73)] ReadMemory at 0x2f9429bd6b0 of 64 bytes failed: Only part of a ReadProcessMemory or WriteProcessMemory request was completed. (0x12B)
[0718/235615.537:ERROR:process_memory_win.cc(73)] ReadMemory at 0x2f9429bd700 of 62 bytes failed: Only part of a ReadProcessMemory or WriteProcessMemory request was completed. (0x12B)
[0718/235615.537:ERROR:process_memory_win.cc(73)] ReadMemory at 0x2f9429be020 of 132 bytes failed: Only part of a ReadProcessMemory or WriteProcessMemory request was completed. (0x12B)
[0718/235615.537:ERROR:process_memory_win.cc(73)] ReadMemory at 0x2f9429be150 of 132 bytes failed: Only part of a ReadProcessMemory or WriteProcessMemory request was completed. (0x12B)
[0718/235615.538:ERROR:process_memory_win.cc(73)] ReadMemory at 0x2f9429be280 of 132 bytes failed: Only part of a ReadProcessMemory or WriteProcessMemory request was completed. (0x12B)
[0718/235615.538:ERROR:process_memory_win.cc(73)] ReadMemory at 0x2f9429be4e0 of 132 bytes failed: Only part of a ReadProcessMemory or WriteProcessMemory request was completed. (0x12B)
[0718/235615.538:ERROR:process_memory_win.cc(73)] ReadMemory at 0x2f9429be610 of 132 bytes failed: Only part of a ReadProcessMemory or WriteProcessMemory request was completed. (0x12B)
[0718/235615.538:ERROR:process_memory_win.cc(73)] ReadMemory at 0x2f9429be740 of 132 bytes failed: Only part of a ReadProcessMemory or WriteProcessMemory request was completed. (0x12B)
[0718/235615.538:ERROR:process_memory_win.cc(73)] ReadMemory at 0x2f9429be870 of 132 bytes failed: Only part of a ReadProcessMemory or WriteProcessMemory request was completed. (0x12B)
[0718/235615.538:ERROR:process_memory_win.cc(73)] ReadMemory at 0x2f9429bead0 of 132 bytes failed: Only part of a ReadProcessMemory or WriteProcessMemory request was completed. (0x12B)
[0718/235615.538:ERROR:process_memory_win.cc(73)] ReadMemory at 0x2f9429bed30 of 132 bytes failed: Only part of a ReadProcessMemory or WriteProcessMemory request was completed. (0x12B)
[0718/235615.538:ERROR:process_memory_win.cc(73)] ReadMemory at 0x2f9429c0800 of 132 bytes failed: Only part of a ReadProcessMemory or WriteProcessMemory request was completed. (0x12B)
[0718/235615.538:ERROR:process_memory_win.cc(73)] ReadMemory at 0x2f9429c0a30 of 132 bytes failed: Only part of a ReadProcessMemory or WriteProcessMemory request was completed. (0x12B)
[0718/235615.538:ERROR:process_memory_win.cc(73)] ReadMemory at 0x2f9429c15b0 of 80 bytes failed: Only part of a ReadProcessMemory or WriteProcessMemory request was completed. (0x12B)
[0718/235615.538:ERROR:process_memory_win.cc(73)] ReadMemory at 0x2f9429c4b70 of 132 bytes failed: Only part of a ReadProcessMemory or WriteProcessMemory request was completed. (0x12B)
[0718/235615.539:ERROR:process_memory_win.cc(73)] ReadMemory at 0x2f9429c4d90 of 132 bytes failed: Only part of a ReadProcessMemory or WriteProcessMemory request was completed. (0x12B)
[0718/235615.539:ERROR:process_memory_win.cc(73)] ReadMemory at 0x2f9429c50f0 of 132 bytes failed: Only part of a ReadProcessMemory or WriteProcessMemory request was completed. (0x12B)
[0718/235615.539:ERROR:process_memory_win.cc(73)] ReadMemory at 0x2f9429dcc60 of 512 bytes failed: Only part of a ReadProcessMemory or WriteProcessMemory request was completed. (0x12B)
[0718/235615.539:ERROR:process_memory_win.cc(73)] ReadMemory at 0x2f9429dda10 of 512 bytes failed: Only part of a ReadProcessMemory or WriteProcessMemory request was completed. (0x12B)
[0718/235615.539:ERROR:process_memory_win.cc(73)] ReadMemory at 0x2f942bf0000 of 384 bytes failed: Only part of a ReadProcessMemory or WriteProcessMemory request was completed. (0x12B)
[0718/235615.539:ERROR:process_memory_win.cc(73)] ReadMemory at 0x2f942bf022c of 512 bytes failed: Only part of a ReadProcessMemory or WriteProcessMemory request was completed. (0x12B)
[0718/235615.539:ERROR:process_memory_win.cc(73)] ReadMemory at 0x2f942bf1540 of 512 bytes failed: Only part of a ReadProcessMemory or WriteProcessMemory request was completed. (0x12B)
[0718/235615.539:ERROR:process_memory_win.cc(73)] ReadMemory at 0x2f943244290 of 512 bytes failed: Only part of a ReadProcessMemory or WriteProcessMemory request was completed. (0x12B)
[0718/235615.539:ERROR:process_memory_win.cc(73)] ReadMemory at 0x2f94325a730 of 712 bytes failed: Only part of a ReadProcessMemory or WriteProcessMemory request was completed. (0x12B)
[0718/235615.539:ERROR:process_memory_win.cc(73)] ReadMemory at 0x2f9432612e0 of 512 bytes failed: Only part of a ReadProcessMemory or WriteProcessMemory request was completed. (0x12B)
[0718/235615.539:ERROR:process_memory_win.cc(73)] ReadMemory at 0x2f943268bd0 of 512 bytes failed: Only part of a ReadProcessMemory or WriteProcessMemory request was completed. (0x12B)
[0718/235615.539:ERROR:process_memory_win.cc(73)] ReadMemory at 0x2f9432cf0d0 of 512 bytes failed: Only part of a ReadProcessMemory or WriteProcessMemory request was completed. (0x12B)
[0718/235615.539:ERROR:process_memory_win.cc(73)] ReadMemory at 0x2f944850000 of 384 bytes failed: Only part of a ReadProcessMemory or WriteProcessMemory request was completed. (0x12B)
[0718/235615.540:ERROR:process_memory_win.cc(73)] ReadMemory at 0x2f944852530 of 512 bytes failed: Only part of a ReadProcessMemory or WriteProcessMemory request was completed. (0x12B)
[0718/235615.540:ERROR:process_memory_win.cc(73)] ReadMemory at 0x2f944914420 of 512 bytes failed: Only part of a ReadProcessMemory or WriteProcessMemory request was completed. (0x12B)
[0718/235615.540:ERROR:process_memory_win.cc(73)] ReadMemory at 0x2f944999308 of 512 bytes failed: Only part of a ReadProcessMemory or WriteProcessMemory request was completed. (0x12B)
[0718/235615.540:ERROR:process_memory_win.cc(73)] ReadMemory at 0x2f94499aa08 of 512 bytes failed: Only part of a ReadProcessMemory or WriteProcessMemory request was completed. (0x12B)
[0718/235615.540:ERROR:process_memory_win.cc(73)] ReadMemory at 0x2f944a19f80 of 512 bytes failed: Only part of a ReadProcessMemory or WriteProcessMemory request was completed. (0x12B)
[0718/235615.540:ERROR:process_memory_win.cc(73)] ReadMemory at 0x2f945c7b280 of 512 bytes failed: Only part of a ReadProcessMemory or WriteProcessMemory request was completed. (0x12B)
[0718/235615.540:ERROR:process_memory_win.cc(73)] ReadMemory at 0x2f947b6c9d8 of 512 bytes failed: Only part of a ReadProcessMemory or WriteProcessMemory request was completed. (0x12B)
[0718/235615.540:ERROR:process_memory_win.cc(73)] ReadMemory at 0x2f9481208d0 of 512 bytes failed: Only part of a ReadProcessMemory or WriteProcessMemory request was completed. (0x12B)
[0718/235615.540:ERROR:process_memory_win.cc(73)] ReadMemory at 0x2f948120e20 of 512 bytes failed: Only part of a ReadProcessMemory or WriteProcessMemory request was completed. (0x12B)
[0718/235615.540:ERROR:process_memory_win.cc(73)] ReadMemory at 0x2f9481218d0 of 512 bytes failed: Only part of a ReadProcessMemory or WriteProcessMemory request was completed. (0x12B)
[0718/235615.540:ERROR:process_memory_win.cc(73)] ReadMemory at 0x2f94c4df750 of 512 bytes failed: Only part of a ReadProcessMemory or WriteProcessMemory request was completed. (0x12B)
[0718/235615.540:ERROR:process_memory_win.cc(73)] ReadMemory at 0x2f94d0780f1 of 512 bytes failed: Only part of a ReadProcessMemory or WriteProcessMemory request was completed. (0x12B)
[0718/235615.540:ERROR:process_memory_win.cc(73)] ReadMemory at 0x2f955532d50 of 512 bytes failed: Only part of a ReadProcessMemory or WriteProcessMemory request was completed. (0x12B)
[0718/235615.540:ERROR:process_memory_win.cc(73)] ReadMemory at 0x2f955d8ed1b of 512 bytes failed: Only part of a ReadProcessMemory or WriteProcessMemory request was completed. (0x12B)
[0718/235615.541:ERROR:process_memory_win.cc(73)] ReadMemory at 0x2f956e17860 of 512 bytes failed: Only part of a ReadProcessMemory or WriteProcessMemory request was completed. (0x12B)
[0718/235615.541:ERROR:process_memory_win.cc(73)] ReadMemory at 0x7ffb47f01063 of 512 bytes failed: Only part of a ReadProcessMemory or WriteProcessMemory request was completed. (0x12B)
[0718/235615.541:ERROR:process_memory_win.cc(73)] ReadMemory at 0x7ffb4a108cfc of 512 bytes failed: Only part of a ReadProcessMemory or WriteProcessMemory request was completed. (0x12B)
[0718/235615.541:ERROR:process_memory_win.cc(73)] ReadMemory at 0x7ffb9ee5a719 of 512 bytes failed: Only part of a ReadProcessMemory or WriteProcessMemory request was completed. (0x12B)
[0718/235615.541:ERROR:process_memory_win.cc(73)] ReadMemory at 0x7ffb9f08c720 of 512 bytes failed: Only part of a ReadProcessMemory or WriteProcessMemory request was completed. (0x12B)
[0718/235615.541:ERROR:process_memory_win.cc(73)] ReadMemory at 0x7ffba1ddc3bf of 512 bytes failed: Only part of a ReadProcessMemory or WriteProcessMemory request was completed. (0x12B)
[0718/235615.541:ERROR:process_memory_win.cc(73)] ReadMemory at 0x7ffba1e3c074 of 672 bytes failed: Only part of a ReadProcessMemory or WriteProcessMemory request was completed. (0x12B)
[0718/235615.541:ERROR:process_memory_win.cc(73)] ReadMemory at 0x7ffba1e3c674 of 512 bytes failed: Only part of a ReadProcessMemory or WriteProcessMemory request was completed. (0x12B)
[0718/235615.541:ERROR:process_memory_win.cc(73)] ReadMemory at 0x7ffba1e3f924 of 608 bytes failed: Only part of a ReadProcessMemory or WriteProcessMemory request was completed. (0x12B)
[0718/235615.542:ERROR:process_memory_win.cc(73)] ReadMemory at 0x7ffba1ecc428 of 18 bytes failed: Only part of a ReadProcessMemory or WriteProcessMemory request was completed. (0x12B)
[0718/235615.542:ERROR:process_memory_win.cc(73)] ReadMemory at 0x7ffba1f053c0 of 64 bytes failed: Only part of a ReadProcessMemory or WriteProcessMemory request was completed. (0x12B)
[0718/235615.544:ERROR:scoped_process_suspend.cc(40)] NtResumeProcess: An attempt was made to access an exiting process. (0xc000010a)
